<?xml version="1.0" encoding="UTF-8"?>
<testsuite name="utb.fai.MessageBufferTest" tests="10" skipped="0" failures="0" errors="0" timestamp="2024-08-10T10:19:06" hostname="pop-os" time="0.008">
  <properties/>
  <testcase name="testAddMessage" classname="utb.fai.MessageBufferTest" time="0.0"/>
  <testcase name="testSearchMessagesEmptyTag" classname="utb.fai.MessageBufferTest" time="0.001"/>
  <testcase name="testClear" classname="utb.fai.MessageBufferTest" time="0.0"/>
  <testcase name="testSearchMessagesEmptyName" classname="utb.fai.MessageBufferTest" time="0.001"/>
  <testcase name="testRemoveMessage" classname="utb.fai.MessageBufferTest" time="0.001"/>
  <testcase name="testSearchMessagesEmptySearchText" classname="utb.fai.MessageBufferTest" time="0.001"/>
  <testcase name="testSearchMessagesEmpty" classname="utb.fai.MessageBufferTest" time="0.001"/>
  <testcase name="testSearchMessages" classname="utb.fai.MessageBufferTest" time="0.001"/>
  <testcase name="testContainsMessage" classname="utb.fai.MessageBufferTest" time="0.0"/>
  <testcase name="testRemoveMessageFromModule" classname="utb.fai.MessageBufferTest" time="0.001"/>
  <system-out><![CDATA[[12:19:06][MessageBuffer][INFO] Message buffer created for module with name: ModuleA
[12:19:06][MessageBuffer][INFO] Message added to buffer [ Mod: ModuleA | Tag: TagA ] Content: 'Hello World!'
[12:19:06][MessageBuffer][INFO] Message buffer created for module with name: ModuleA
[12:19:06][MessageBuffer][INFO] Message buffer created for module with name: ModuleB
[12:19:06][MessageBuffer][INFO] Message added to buffer [ Mod: ModuleA | Tag: TagA ] Content: 'Hello World!'
[12:19:06][MessageBuffer][INFO] Message added to buffer [ Mod: ModuleB | Tag: TagB ] Content: 'Goodbye World!'
[12:19:06][MessageBuffer][INFO] Message buffer created for module with name: ModuleA
[12:19:06][MessageBuffer][INFO] Message added to buffer [ Mod: ModuleA | Tag: TagA ] Content: 'Hello World!'
[12:19:06][MessageBuffer][INFO] Message buffer cleared
[12:19:06][MessageBuffer][INFO] Message buffer created for module with name: ModuleA
[12:19:06][MessageBuffer][INFO] Message buffer created for module with name: ModuleB
[12:19:06][MessageBuffer][INFO] Message added to buffer [ Mod: ModuleA | Tag: TagA ] Content: 'Hello World!'
[12:19:06][MessageBuffer][INFO] Message added to buffer [ Mod: ModuleB | Tag: TagB ] Content: 'Goodbye World!'
[12:19:06][MessageBuffer][INFO] Message buffer created for module with name: ModuleA
[12:19:06][MessageBuffer][INFO] Message added to buffer [ Mod: ModuleA | Tag: TagA ] Content: 'Hello World!'
[12:19:06][MessageBuffer][INFO] Messages removed for modul with name: ModuleA
[12:19:06][MessageBuffer][INFO] Message buffer created for module with name: ModuleA
[12:19:06][MessageBuffer][INFO] Message buffer created for module with name: ModuleB
[12:19:06][MessageBuffer][INFO] Message added to buffer [ Mod: ModuleA | Tag: TagA ] Content: 'Hello World!'
[12:19:06][MessageBuffer][INFO] Message added to buffer [ Mod: ModuleB | Tag: TagB ] Content: 'Goodbye World!'
[12:19:06][MessageBuffer][INFO] Message buffer created for module with name: ModuleA
[12:19:06][MessageBuffer][INFO] Message buffer created for module with name: ModuleB
[12:19:06][MessageBuffer][INFO] Message added to buffer [ Mod: ModuleA | Tag: TagA ] Content: 'Hello World!'
[12:19:06][MessageBuffer][INFO] Message added to buffer [ Mod: ModuleB | Tag: TagB ] Content: 'Goodbye World!'
[12:19:06][MessageBuffer][INFO] Message buffer created for module with name: ModuleA
[12:19:06][MessageBuffer][INFO] Message buffer created for module with name: ModuleB
[12:19:06][MessageBuffer][INFO] Message added to buffer [ Mod: ModuleA | Tag: TagA ] Content: 'Hello World!'
[12:19:06][MessageBuffer][INFO] Message added to buffer [ Mod: ModuleB | Tag: TagB ] Content: 'Goodbye World!'
[12:19:06][MessageBuffer][INFO] Message buffer created for module with name: ModuleA
[12:19:06][MessageBuffer][INFO] Message added to buffer [ Mod: ModuleA | Tag: TagA ] Content: 'Hello World!'
[12:19:06][MessageBuffer][INFO] Message buffer created for module with name: ModuleA
[12:19:06][MessageBuffer][INFO] Message added to buffer [ Mod: ModuleA | Tag: TagA ] Content: 'Hello World!'
[12:19:06][MessageBuffer][INFO] One message removed from buffer [ModuleA|TagA]
]]></system-out>
  <system-err><![CDATA[]]></system-err>
</testsuite>
