<?xml version="1.0" encoding="UTF-8"?>
<testsuite name="utb.fai.LocalHostIOTest" tests="2" skipped="0" failures="0" errors="0" timestamp="2024-08-10T10:19:01" hostname="pop-os" time="0.044">
  <properties/>
  <testcase name="saveAndLoadTextTest" classname="utb.fai.LocalHostIOTest" time="0.002"/>
  <testcase name="saveAndLoadYamlTest" classname="utb.fai.LocalHostIOTest" time="0.042"/>
  <system-out><![CDATA[[12:19:01][LocalHostIO][INFO] Text has been saved to a file (test.txt)
[12:19:01][LocalHostIO][INFO] Text has been loaded from file (test.txt)
[12:19:02][LocalHostIO][INFO] Object data has been saved to a file in yaml format (test.yaml)
[12:19:02][LocalHostIO][INFO] Yaml data has been loaded from file (test.yaml)
]]></system-out>
  <system-err><![CDATA[]]></system-err>
</testsuite>
