<?xml version="1.0" encoding="UTF-8"?>
<testsuite name="utb.fai.MQTTClientTest" tests="1" skipped="0" failures="0" errors="0" timestamp="2024-08-09T15:30:02" hostname="pop-os" time="3.978">
  <properties/>
  <testcase name="mqttCommunicationTest" classname="utb.fai.MQTTClientTest" time="3.978"/>
  <system-out><![CDATA[[17:30:02][MessageBuffer][INFO] Message buffer created for module with name: broker
2024-08-09 17:30:02 INFO  Server - Configuring message interceptors...
2024-08-09 17:30:02 INFO  BrokerInterceptor - Initializing broker interceptor. InterceptorIds=[]
2024-08-09 17:30:02 INFO  Server - Using default SSL context creator
2024-08-09 17:30:02 INFO  Server - An io.moquette.broker.security.AcceptAllAuthenticator authenticator instance will be used
2024-08-09 17:30:02 INFO  Server - Authorizator policy io.moquette.broker.security.PermitAllAuthorizatorPolicy instance will be used
2024-08-09 17:30:02 INFO  CTrieSubscriptionDirectory - Initializing CTrie
2024-08-09 17:30:02 INFO  CTrieSubscriptionDirectory - Initializing subscriptions store...
2024-08-09 17:30:02 INFO  NewNettyAcceptor - Netty is using NIO
2024-08-09 17:30:03 INFO  NewNettyAcceptor - Server bound to host=0.0.0.0, port=9999, protocol=TCP MQTT
2024-08-09 17:30:03 INFO  NewNettyAcceptor - Property websocket_port has been setted to disabled. Websocket MQTT will be disabled
2024-08-09 17:30:03 INFO  Server - Moquette integration has been started successfully in 139 ms
[17:30:03][MQTTBroker][INFO] (broker) MQTT broker is running on port: 9999
[17:30:03][MessageBuffer][INFO] Message buffer created for module with name: client1
2024-08-09 17:30:03 INFO  MQTTMessageLogger - C->B CONNECT <null>
2024-08-09 17:30:03 INFO  MQTTMessageLogger - C->B SUBSCRIBE <paho20212849902906> to topics [MqttTopicSubscription[topicFilter=topic-1, option=SubscriptionOption[qos=AT_LEAST_ONCE, noLocal=false, retainAsPublished=false, retainHandling=SEND_AT_SUBSCRIBE]]]
2024-08-09 17:30:03 INFO  MQTTMessageLogger - C<-B SUBACK <paho20212849902906> packetID <1>, grantedQoses [1]
[17:30:03][MQTTClientTester][INFO] (client1) MQTT Client module is running.
[17:30:03][MessageBuffer][INFO] Message buffer created for module with name: client2
2024-08-09 17:30:03 INFO  MQTTMessageLogger - C->B CONNECT <null>
2024-08-09 17:30:03 INFO  MQTTMessageLogger - C->B SUBSCRIBE <paho20213252056203> to topics [MqttTopicSubscription[topicFilter=topic-2, option=SubscriptionOption[qos=AT_LEAST_ONCE, noLocal=false, retainAsPublished=false, retainHandling=SEND_AT_SUBSCRIBE]]]
2024-08-09 17:30:03 INFO  MQTTMessageLogger - C<-B SUBACK <paho20213252056203> packetID <1>, grantedQoses [1]
[17:30:03][MQTTClientTester][INFO] (client2) MQTT Client module is running.
[17:30:03][MQTTClientTester][INFO] (client1) Message send on topic [topic-2] with content: Message from client 1
[17:30:03][MQTTClientTester][INFO] (client1) Message send on topic [topic] with content: Wrong topic 1
[17:30:03][MQTTClientTester][INFO] (client1) Message send on topic [topic] with content: Wrong topic 2
[17:30:03][MQTTClientTester][INFO] (client2) Message send on topic [topic-1] with content: Message from client 2
[17:30:04][MessageBuffer][INFO] Message added to buffer [ Mod: client1 | Tag: topic-1 ] Content: 'Message from client 2'
[17:30:04][MessageBuffer][INFO] Message added to buffer [ Mod: client2 | Tag: topic-2 ] Content: 'Message from client 1'
2024-08-09 17:30:04 INFO  Server - Unbinding integration from the configured ports
2024-08-09 17:30:04 INFO  MQTTMessageLogger - Channel Inactive
[17:30:04][MQTTClientTester][WARNING] Connection to MQTT broker lost
2024-08-09 17:30:04 INFO  MQTTMessageLogger - Channel Inactive
[17:30:04][MQTTClientTester][WARNING] Connection to MQTT broker lost
2024-08-09 17:30:04 INFO  MQTTConnection - Notifying connection lost event
2024-08-09 17:30:04 INFO  MQTTConnection - Notifying connection lost event
2024-08-09 17:30:04 INFO  NewNettyAcceptor - Waiting for worker and boss event loop groups to terminate...
2024-08-09 17:30:06 INFO  NewNettyAcceptor - Metrics messages[read=0, write=0] bytes[read=0, write=0]
2024-08-09 17:30:06 INFO  BrokerInterceptor - Shutting down interceptor thread pool...
2024-08-09 17:30:06 INFO  BrokerInterceptor - Waiting for thread pool tasks to terminate...
2024-08-09 17:30:06 INFO  BrokerInterceptor - interceptors stopped
2024-08-09 17:30:06 INFO  Server - Moquette integration has been stopped.
[17:30:06][MQTTBroker][INFO] (broker) MQTT broker [broker] terminated
]]></system-out>
  <system-err><![CDATA[]]></system-err>
</testsuite>
