<?xml version="1.0" encoding="UTF-8"?>
<testsuite name="utb.fai.SMTPEmailServerTest" tests="2" skipped="0" failures="0" errors="0" timestamp="2024-08-09T15:30:07" hostname="pop-os" time="4.324">
  <properties/>
  <testcase name="testReceiveMultipleMessage" classname="utb.fai.SMTPEmailServerTest" time="2.272"/>
  <testcase name="testReceiveMessage" classname="utb.fai.SMTPEmailServerTest" time="2.052"/>
  <system-out><![CDATA[[17:30:07][MessageBuffer][INFO] Message buffer created for module with name: Test-Server
[17:30:07][SMTPEmailServer][INFO] (Test-Server) SMTP Email Server is listening on port: 2525
2024-08-09 17:30:07 INFO  SmtpManager - Created user login testuser@example.com for address testuser@example.com with password testuser@example.com because it didn't exist before.
[17:30:07][MessageBuffer][INFO] Message added to buffer [ Mod: Test-Server | Tag: Test Message ] Content: 'This is a test message'
[17:30:07][MessageBuffer][INFO] Message added to buffer [ Mod: Test-Server | Tag: Test Message ] Content: 'This is a test message'
[17:30:07][MessageBuffer][INFO] Message added to buffer [ Mod: Test-Server | Tag: Test Message ] Content: 'This is a test message'
[17:30:07][MessageBuffer][INFO] Message added to buffer [ Mod: Test-Server | Tag: Test Message ] Content: 'This is a test message'
[17:30:09][MessageBuffer][INFO] Message buffer cleared
[17:30:09][SMTPEmailServer][INFO] (Test-Server) SMTP email server [Test-Server] terminated
[17:30:09][SMTPEmailServer][INFO] (Test-Server) SMTP Email Server is listening on port: 2525
2024-08-09 17:30:09 INFO  SmtpManager - Created user login testuser@example.com for address testuser@example.com with password testuser@example.com because it didn't exist before.
[17:30:09][MessageBuffer][INFO] Message added to buffer [ Mod: Test-Server | Tag: Test Message ] Content: 'This is a test message'
[17:30:11][MessageBuffer][INFO] Message buffer cleared
[17:30:11][SMTPEmailServer][INFO] (Test-Server) SMTP email server [Test-Server] terminated
]]></system-out>
  <system-err><![CDATA[]]></system-err>
</testsuite>
