<?xml version="1.0" encoding="UTF-8"?>
<testsuite name="utb.fai.JsonGetKwTest" tests="7" skipped="0" failures="0" errors="0" timestamp="2024-08-10T10:19:01" hostname="pop-os" time="0.157">
  <properties/>
  <testcase name="testExecute_WhenParameterIsFoundAndIsObject" classname="utb.fai.JsonGetKwTest" time="0.146"/>
  <testcase name="testExecute_WhenParameterIsFoundAndIsList1" classname="utb.fai.JsonGetKwTest" time="0.002"/>
  <testcase name="testExecute_WhenParameterNotFound" classname="utb.fai.JsonGetKwTest" time="0.002"/>
  <testcase name="testExecute_WhenParameterIsFoundAndIsList" classname="utb.fai.JsonGetKwTest" time="0.003"/>
  <testcase name="testExecute_WhenJsonVariableIsNotValidJson" classname="utb.fai.JsonGetKwTest" time="0.001"/>
  <testcase name="testExecute_WhenJsonVariableDoesNotExist" classname="utb.fai.JsonGetKwTest" time="0.001"/>
  <testcase name="testExecute_WhenParameterIsFound" classname="utb.fai.JsonGetKwTest" time="0.001"/>
  <system-out><![CDATA[[12:19:01][NATTContext][INFO] Data has been stored in to the variable 'jsonVar'. Data value: {"target_key": {"name": "Object Name", "value": "1234"}}
[12:19:01][NATTContext][INFO] Data has been stored in to the variable 'newJsonVar'. Data value: {"name":"Object Name","value":"1234"}
[12:19:01][NATTContext][INFO] Data has been stored in to the variable 'jsonVar'. Data value: [{"name": "Object Name", "value": "1234"}, {"name": "Object Name", "value": "0"}]
[12:19:01][NATTContext][INFO] Data has been stored in to the variable 'newJsonVar'. Data value: {"name":"Object Name","value":"0"}
[12:19:01][NATTContext][INFO] Data has been stored in to the variable 'jsonVar'. Data value: {"key": "value"}
[12:19:01][NATTContext][INFO] Data has been stored in to the variable 'newJsonVar'. Data value: 
[12:19:01][NATTContext][INFO] Data has been stored in to the variable 'jsonVar'. Data value: {"target_key": [{"name": "Object Name", "value": "1234"}, {"name": "Object Name", "value": "1234"}]}
[12:19:01][NATTContext][INFO] Data has been stored in to the variable 'newJsonVar'. Data value: [{"name":"Object Name","value":"1234"},{"name":"Object Name","value":"1234"}]
[12:19:01][NATTContext][INFO] Data has been stored in to the variable 'jsonVar'. Data value: not_a_valid_json
[12:19:01][NATTContext][INFO] Data has been stored in to the variable 'newJsonVar'. Data value: 
[12:19:01][NATTContext][INFO] Data has been stored in to the variable 'jsonVar'. Data value: 
[12:19:01][NATTContext][INFO] Data has been stored in to the variable 'newJsonVar'. Data value: 
[12:19:01][NATTContext][INFO] Data has been stored in to the variable 'jsonVar'. Data value: {"target_key": "value11"}
[12:19:01][NATTContext][INFO] Data has been stored in to the variable 'newJsonVar'. Data value: value11
]]></system-out>
  <system-err><![CDATA[]]></system-err>
</testsuite>
