<?xml version="1.0" encoding="UTF-8"?>
<testsuite name="utb.fai.AssertTest" tests="7" skipped="0" failures="0" errors="0" timestamp="2024-08-10T10:18:58" hostname="pop-os" time="0.003">
  <properties/>
  <testcase name="testAssertConditionEquals" classname="utb.fai.AssertTest" time="0.002"/>
  <testcase name="testAssertNumberConditionLessThan" classname="utb.fai.AssertTest" time="0.0"/>
  <testcase name="testAssertNumberConditionGreaterThan" classname="utb.fai.AssertTest" time="0.0"/>
  <testcase name="testAssertConditionContains" classname="utb.fai.AssertTest" time="0.0"/>
  <testcase name="testAssertNumberConditionEquals" classname="utb.fai.AssertTest" time="0.0"/>
  <testcase name="testAssertConditionStartsWith" classname="utb.fai.AssertTest" time="0.001"/>
  <testcase name="testAssertConditionEndsWith" classname="utb.fai.AssertTest" time="0.0"/>
  <system-out><![CDATA[]]></system-out>
  <system-err><![CDATA[]]></system-err>
</testsuite>
