<?xml version="1.0" encoding="UTF-8"?>
<testsuite name="utb.fai.TelnetServerTest" tests="2" skipped="0" failures="0" errors="0" timestamp="2024-08-10T10:19:10" hostname="pop-os" time="1.007">
  <properties/>
  <testcase name="testClientConnection" classname="utb.fai.TelnetServerTest" time="0.002"/>
  <testcase name="testClientMessageProcessingMultipleClients" classname="utb.fai.TelnetServerTest" time="1.005"/>
  <system-out><![CDATA[[12:19:10][MessageBuffer][INFO] Message buffer created for module with name: server-1
[12:19:10][TelnetServer][INFO] (server-1) Server socket is listening on port 9999
[12:19:10][TelnetServer][INFO] (server-1) Telnet server [server-1] terminated
[12:19:10][TelnetServer][INFO] (server-1) Server socket is listening on port 9999
[12:19:10][MessageBuffer][INFO] Message buffer created for module with name: TestClient1
[12:19:10][TelnetClient][INFO] (TestClient1) Telnet client connected to host with the address: 'localhost' on port '9999'
[12:19:10][TelnetClient][INFO] (TestClient1) Message send: Test message from client 1
[12:19:10][TelnetClient][INFO] (TestClient1) Message send: Test message from client 1
[12:19:10][MessageBuffer][INFO] Message buffer created for module with name: TestClient2
[12:19:10][TelnetClient][INFO] (TestClient2) Telnet client connected to host with the address: 'localhost' on port '9999'
[12:19:10][TelnetClient][INFO] (TestClient2) Message send: Test message from client 2
[12:19:10][TelnetClient][INFO] (TestClient2) Message send: Test message from client 2
[12:19:10][TelnetClient][INFO] (TestClient2) Message send: Test message from client 2
[12:19:10][TelnetServer][INFO] (server-1) Server socket closed
[12:19:10][MessageBuffer][INFO] Message added to buffer [ Mod: server-1 | Tag: client-1 ] Content: 'Test message from client 1'
[12:19:10][MessageBuffer][INFO] Message added to buffer [ Mod: server-1 | Tag: client-2 ] Content: 'Test message from client 2'
[12:19:10][MessageBuffer][INFO] Message added to buffer [ Mod: server-1 | Tag: client-1 ] Content: 'Test message from client 1'
[12:19:10][MessageBuffer][INFO] Message added to buffer [ Mod: server-1 | Tag: client-2 ] Content: 'Test message from client 2'
[12:19:10][TelnetServer][INFO] (server-1) Client disconnected
[12:19:10][MessageBuffer][INFO] Message added to buffer [ Mod: server-1 | Tag: client-2 ] Content: 'Test message from client 2'
[12:19:11][SMTPEmailServer][INFO] (Test-Server) Email handler thread terminated.
[12:19:11][TelnetServer][INFO] (server-1) Client disconnected
[12:19:11][TelnetClient][WARNING] (TestClient1) Connection closed
[12:19:11][TelnetClient][INFO] (TestClient1) Telnet client [TestClient1] terminated
[12:19:11][TelnetServer][INFO] (server-1) Client disconnected
[12:19:11][TelnetClient][INFO] (TestClient2) Telnet client [TestClient2] terminated
[12:19:11][TelnetClient][WARNING] (TestClient2) Connection closed
[12:19:11][TelnetServer][INFO] (server-1) Telnet server [server-1] terminated
[12:19:11][TelnetServer][INFO] (server-1) Server socket closed
]]></system-out>
  <system-err><![CDATA[]]></system-err>
</testsuite>
