<?xml version="1.0" encoding="UTF-8"?>
<testsuite name="utb.fai.VariableProcessorTest" tests="7" skipped="0" failures="0" errors="0" timestamp="2024-08-10T10:19:12" hostname="pop-os" time="0.002">
  <properties/>
  <testcase name="testProcessVariablesInKeywordParameter_ListParameter" classname="utb.fai.VariableProcessorTest" time="0.001"/>
  <testcase name="testProcessVariables_VariableExists" classname="utb.fai.VariableProcessorTest" time="0.0"/>
  <testcase name="testProcessVariablesInKeywordParameter_EmptyListParameter" classname="utb.fai.VariableProcessorTest" time="0.0"/>
  <testcase name="testProcessVariables_DoubleDollarSign" classname="utb.fai.VariableProcessorTest" time="0.0"/>
  <testcase name="testProcessVariables_VariableNotExists" classname="utb.fai.VariableProcessorTest" time="0.0"/>
  <testcase name="testProcessVariables_MultipleVariables" classname="utb.fai.VariableProcessorTest" time="0.0"/>
  <testcase name="testProcessVariablesInKeywordParameter_StringParameter" classname="utb.fai.VariableProcessorTest" time="0.0"/>
  <system-out><![CDATA[[12:19:12][NATTContext][INFO] Data has been stored in to the variable 'name'. Data value: John
[12:19:12][NATTContext][INFO] Data has been stored in to the variable 'age'. Data value: 30
[12:19:12][NATTContext][INFO] Data has been stored in to the variable 'name-2'. Data value: John
[12:19:12][NATTContext][INFO] Data has been stored in to the variable 'name'. Data value: John
[12:19:12][NATTContext][INFO] Data has been stored in to the variable 'name'. Data value: John
[12:19:12][NATTContext][INFO] Data has been stored in to the variable 'age'. Data value: 30
[12:19:12][NATTContext][INFO] Data has been stored in to the variable 'name'. Data value: John
]]></system-out>
  <system-err><![CDATA[]]></system-err>
</testsuite>
