<?xml version="1.0" encoding="UTF-8"?>
<testsuite name="utb.fai.SMTPEmailServerTest" tests="2" skipped="0" failures="0" errors="0" timestamp="2024-08-10T10:19:06" hostname="pop-os" time="4.338">
  <properties/>
  <testcase name="testReceiveMultipleMessage" classname="utb.fai.SMTPEmailServerTest" time="2.285"/>
  <testcase name="testReceiveMessage" classname="utb.fai.SMTPEmailServerTest" time="2.053"/>
  <system-out><![CDATA[[12:19:06][MessageBuffer][INFO] Message buffer created for module with name: Test-Server
[12:19:06][SMTPEmailServer][INFO] (Test-Server) SMTP Email Server is listening on port: 2525
2024-08-10 12:19:06 INFO  SmtpManager - Created user login testuser@example.com for address testuser@example.com with password testuser@example.com because it didn't exist before.
[12:19:06][MessageBuffer][INFO] Message added to buffer [ Mod: Test-Server | Tag: Test Message ] Content: 'This is a test message'
[12:19:06][MessageBuffer][INFO] Message added to buffer [ Mod: Test-Server | Tag: Test Message ] Content: 'This is a test message'
[12:19:06][MessageBuffer][INFO] Message added to buffer [ Mod: Test-Server | Tag: Test Message ] Content: 'This is a test message'
[12:19:06][MessageBuffer][INFO] Message added to buffer [ Mod: Test-Server | Tag: Test Message ] Content: 'This is a test message'
[12:19:08][MessageBuffer][INFO] Message buffer cleared
[12:19:08][SMTPEmailServer][INFO] (Test-Server) SMTP email server [Test-Server] terminated
[12:19:08][SMTPEmailServer][INFO] (Test-Server) SMTP Email Server is listening on port: 2525
2024-08-10 12:19:08 INFO  SmtpManager - Created user login testuser@example.com for address testuser@example.com with password testuser@example.com because it didn't exist before.
[12:19:08][MessageBuffer][INFO] Message added to buffer [ Mod: Test-Server | Tag: Test Message ] Content: 'This is a test message'
[12:19:10][MessageBuffer][INFO] Message buffer cleared
[12:19:10][SMTPEmailServer][INFO] (Test-Server) SMTP email server [Test-Server] terminated
]]></system-out>
  <system-err><![CDATA[]]></system-err>
</testsuite>
