<?xml version="1.0" encoding="UTF-8"?>
<testsuite name="utb.fai.TelnetServerTest" tests="2" skipped="0" failures="0" errors="0" timestamp="2024-08-09T15:30:11" hostname="pop-os" time="1.007">
  <properties/>
  <testcase name="testClientConnection" classname="utb.fai.TelnetServerTest" time="0.002"/>
  <testcase name="testClientMessageProcessingMultipleClients" classname="utb.fai.TelnetServerTest" time="1.005"/>
  <system-out><![CDATA[[17:30:11][MessageBuffer][INFO] Message buffer created for module with name: server-1
[17:30:11][TelnetServer][INFO] (server-1) Server socket is listening on port 9999
[17:30:11][TelnetServer][INFO] (server-1) Telnet server [server-1] terminated
[17:30:11][TelnetServer][INFO] (server-1) Server socket is listening on port 9999
[17:30:11][MessageBuffer][INFO] Message buffer created for module with name: TestClient1
[17:30:11][TelnetClient][INFO] (TestClient1) Telnet client connected to host with the address: 'localhost' on port '9999'
[17:30:11][TelnetClient][INFO] (TestClient1) Message send: Test message from client 1
[17:30:11][TelnetClient][INFO] (TestClient1) Message send: Test message from client 1
[17:30:11][MessageBuffer][INFO] Message buffer created for module with name: TestClient2
[17:30:11][TelnetClient][INFO] (TestClient2) Telnet client connected to host with the address: 'localhost' on port '9999'
[17:30:11][TelnetClient][INFO] (TestClient2) Message send: Test message from client 2
[17:30:11][TelnetClient][INFO] (TestClient2) Message send: Test message from client 2
[17:30:11][TelnetClient][INFO] (TestClient2) Message send: Test message from client 2
[17:30:11][TelnetServer][INFO] (server-1) Server socket closed
[17:30:11][MessageBuffer][INFO] Message added to buffer [ Mod: server-1 | Tag: client-1 ] Content: 'Test message from client 1'
[17:30:11][MessageBuffer][INFO] Message added to buffer [ Mod: server-1 | Tag: client-2 ] Content: 'Test message from client 2'
[17:30:11][MessageBuffer][INFO] Message added to buffer [ Mod: server-1 | Tag: client-1 ] Content: 'Test message from client 1'
[17:30:11][TelnetServer][INFO] (server-1) Client disconnected
[17:30:11][MessageBuffer][INFO] Message added to buffer [ Mod: server-1 | Tag: client-2 ] Content: 'Test message from client 2'
[17:30:11][MessageBuffer][INFO] Message added to buffer [ Mod: server-1 | Tag: client-2 ] Content: 'Test message from client 2'
[17:30:12][SMTPEmailServer][INFO] (Test-Server) Email handler thread terminated.
[17:30:12][TelnetServer][INFO] (server-1) Client disconnected
[17:30:12][TelnetClient][WARNING] (TestClient1) Connection closed
[17:30:12][TelnetClient][INFO] (TestClient1) Telnet client [TestClient1] terminated
[17:30:12][TelnetClient][INFO] (TestClient2) Telnet client [TestClient2] terminated
[17:30:12][TelnetServer][INFO] (server-1) Client disconnected
[17:30:12][TelnetClient][WARNING] (TestClient2) Connection closed
[17:30:12][TelnetServer][INFO] (server-1) Telnet server [server-1] terminated
]]></system-out>
  <system-err><![CDATA[]]></system-err>
</testsuite>
