<?xml version="1.0" encoding="UTF-8"?>
<testsuite name="utb.fai.KeywordTest" tests="6" skipped="0" failures="0" errors="0" timestamp="2024-08-10T10:19:01" hostname="pop-os" time="0.001">
  <properties/>
  <testcase name="testKeywordName" classname="utb.fai.KeywordTest" time="0.0"/>
  <testcase name="testBuildKeyword" classname="utb.fai.KeywordTest" time="0.0"/>
  <testcase name="testBuildKeywordWithMultipleValues" classname="utb.fai.KeywordTest" time="0.0"/>
  <testcase name="testPutAndGetParameter" classname="utb.fai.KeywordTest" time="0.0"/>
  <testcase name="testBuildKeywordWithListParameter" classname="utb.fai.KeywordTest" time="0.0"/>
  <testcase name="testBuildKeywordWithDifferentParameterTypes" classname="utb.fai.KeywordTest" time="0.0"/>
  <system-out><![CDATA[]]></system-out>
  <system-err><![CDATA[]]></system-err>
</testsuite>
