<?xml version="1.0" encoding="UTF-8"?>
<testsuite name="utb.fai.TelnetClientTest" tests="3" skipped="0" failures="0" errors="0" timestamp="2024-08-10T10:19:10" hostname="pop-os" time="0.007">
  <properties/>
  <testcase name="testSendMessage" classname="utb.fai.TelnetClientTest" time="0.004"/>
  <testcase name="testConnectionEstablishment" classname="utb.fai.TelnetClientTest" time="0.001"/>
  <testcase name="testCleanup" classname="utb.fai.TelnetClientTest" time="0.002"/>
  <system-out><![CDATA[[12:19:10][MessageBuffer][INFO] Message buffer created for module with name: TestClient
[12:19:10][TelnetClient][INFO] (TestClient) Telnet client connected to host with the address: 'localhost' on port '5555'
[12:19:10][TelnetClient][INFO] (TestClient) Message send: Test message
[12:19:10][TelnetClient][WARNING] (TestClient) Connection closed
[12:19:10][TelnetClient][INFO] (TestClient) Telnet client [TestClient] terminated
[12:19:10][TelnetClient][INFO] (TestClient) Telnet client connected to host with the address: 'localhost' on port '5555'
[12:19:10][TelnetClient][INFO] (TestClient) Telnet client [TestClient] terminated
[12:19:10][TelnetClient][WARNING] (TestClient) Connection closed
[12:19:10][TelnetClient][INFO] (TestClient) Telnet client connected to host with the address: 'localhost' on port '5555'
[12:19:10][TelnetClient][INFO] (TestClient) Telnet client [TestClient] terminated
[12:19:10][TelnetClient][WARNING] (TestClient) Connection closed
[12:19:10][TelnetClient][INFO] (TestClient) Telnet client [TestClient] terminated
]]></system-out>
  <system-err><![CDATA[]]></system-err>
</testsuite>
