<?xml version="1.0" encoding="UTF-8"?>
<testsuite name="utb.fai.NATTTestBuilderTest" tests="4" skipped="0" failures="0" errors="0" timestamp="2024-08-09T15:30:06" hostname="pop-os" time="0.155">
  <properties/>
  <testcase name="buildTests_EmptyConfigurationData" classname="utb.fai.NATTTestBuilderTest" time="0.002"/>
  <testcase name="buildTests_NullConfigurationData" classname="utb.fai.NATTTestBuilderTest" time="0.001"/>
  <testcase name="buildTests_ValidConfigurationData" classname="utb.fai.NATTTestBuilderTest" time="0.146"/>
  <testcase name="buildTests_InvalidConfigurationData" classname="utb.fai.NATTTestBuilderTest" time="0.006"/>
  <system-out><![CDATA[[17:30:06][TestReportGenerator][INFO] Extenet reports generated. Final report will be saved to file: test_report.html
]]></system-out>
  <system-err><![CDATA[]]></system-err>
</testsuite>
